2026-06-14 19:14:11 GET /
2026-06-14 19:14:24 GET /about
2026-06-14 19:14:27 GET /contact
2026-06-14 19:14:27 GET /favicon.ico
2026-06-14 19:21:14 GET /about
2026-06-14 19:23:22 GET /about
2026-06-14 19:24:14 GET /random
2026-06-15 15:13:59 GET /
2026-06-15 15:14:10 GET /random
2026-06-15 15:14:31 GET /
2026-06-15 15:14:31 GET /favicon.ico
2026-06-15 15:14:33 GET /
2026-06-15 15:14:35 GET /about
2026-06-15 15:14:36 GET /about
2026-06-15 15:14:38 GET /contact
2026-06-15 15:14:40 GET /contact
2026-06-15 15:14:51 GET /about
2026-06-15 15:15:00 GET /random
2026-06-15 15:15:12 GET /about
2026-06-15 15:15:17 GET /contact
